#
# A fatal error has been detected by the Java Runtime Environment:
#
#  EXCEPTION_ACCESS_VIOLATION (0xc0000005) at pc=0x000000005a839543, pid=8568, tid=5348
#
# JRE version: Java(TM) SE Runtime Environment (8.0_20-b26) (build 1.8.0_20-b26)
# Java VM: Java HotSpot(TM) 64-Bit Server VM (25.20-b23 mixed mode windows-amd64 compressed oops)
# Problematic frame:
# V  [jvm.dll+0x119543]
#
# Failed to write core dump. Minidumps are not enabled by default on client versions of Windows
#
# If you would like to submit a bug report, please visit:
#   http://bugreport.sun.com/bugreport/crash.jsp
#

---------------  T H R E A D  ---------------

Current thread (0x0000000056936800):  JavaThread "JDWP Transport Listener: dt_socket" daemon [_thread_in_vm, id=5348, stack(0x0000000057470000,0x0000000057570000)]

siginfo: ExceptionCode=0xc0000005, reading address 0xffffffffffffffff

Registers:
RAX=0x000000005756f601, RBX=0x3b00500000000000, RCX=0x00000000003b003b, RDX=0x0000000000000000
RSP=0x000000005756f610, RBP=0x00000000003b003b, RSI=0x000000005756f728, RDI=0x0000000002418c40
R8 =0x0000000056936800, R9 =0x0000eae300560044, R10=0x0000000000000000, R11=0x0000000056d1fe0a
R12=0x0000000000000000, R13=0x00000000553eeb78, R14=0x0000000000000000, R15=0x0000000000000000
RIP=0x000000005a839543, EFLAGS=0x0000000000010216

Top of Stack: (sp=0x000000005756f610)
0x000000005756f610:   0000000056936800 0000000056936800
0x000000005756f620:   000000005756f6d8 000000005aa3655b
0x000000005756f630:   0000000056936800 000000005aa52dbd
0x000000005756f640:   0000000000000000 0000000066b49149
0x000000005756f650:   00000000553891f0 0000000066b52912
0x000000005756f660:   0000000056936800 0000000000000000
0x000000005756f670:   0000000000000000 0000000000000000
0x000000005756f680:   00000000003b003b 0000000066b51a09
0x000000005756f690:   000000005756f728 000000005756f700
0x000000005756f6a0:   0000000000000001 00000000553891f0
0x000000005756f6b0:   00000000003b003b 0000000066b353b3
0x000000005756f6c0:   000000005756f7f0 0000000000000001
0x000000005756f6d0:   0000000000000001 00000000553891f0
0x000000005756f6e0:   0000000000000001 0000000000000000
0x000000005756f6f0:   0000000000000000 0000000000000000
0x000000005756f700:   0000000000000001 0000000066b35571 

Instructions: (pc=0x000000005a839543)
0x000000005a839523:   28 48 85 c9 75 07 33 c0 48 83 c4 28 c3 48 89 5c
0x000000005a839533:   24 20 48 8b 19 48 85 db 74 20 48 83 fb 37 74 1a
0x000000005a839543:   48 8b 13 48 8b cb ff 52 10 84 c0 74 0d 48 8b c3
0x000000005a839553:   48 8b 5c 24 20 48 83 c4 28 c3 33 c0 48 8b 5c 24 


Register to memory mapping:

RAX=0x000000005756f601 is pointing into the stack for thread: 0x0000000056936800
RBX=0x3b00500000000000 is an unknown value
RCX=0x00000000003b003b is an unknown value
RDX=0x0000000000000000 is an unknown value
RSP=0x000000005756f610 is pointing into the stack for thread: 0x0000000056936800
RBP=0x00000000003b003b is an unknown value
RSI=0x000000005756f728 is pointing into the stack for thread: 0x0000000056936800
RDI=0x0000000002418c40 is an unknown value
R8 =0x0000000056936800 is a thread
R9 =0x0000eae300560044 is an unknown value
R10=0x0000000000000000 is an unknown value
R11=0x0000000056d1fe0a is an unknown value
R12=0x0000000000000000 is an unknown value
R13=0x00000000553eeb78 is an unknown value
R14=0x0000000000000000 is an unknown value
R15=0x0000000000000000 is an unknown value


Stack: [0x0000000057470000,0x0000000057570000],  sp=0x000000005756f610,  free space=1021k
Native frames: (J=compiled Java code, j=interpreted, Vv=VM code, C=native code)
V  [jvm.dll+0x119543]
V  [jvm.dll+0x332dbd]
C  [jdwp.dll+0x21a09]
C  [jdwp.dll+0x53b3]
C  [jdwp.dll+0x5571]
C  [jdwp.dll+0xf09c]
C  [jdwp.dll+0x1f2c9]
C  [jdwp.dll+0x1f49e]
V  [jvm.dll+0x1aaa18]
V  [jvm.dll+0x22aac4]
V  [jvm.dll+0x283f5a]
C  [msvcr100.dll+0x21d9f]
C  [msvcr100.dll+0x21e3b]
C  [kernel32.dll+0x159ed]
C  [ntdll.dll+0x2c541]


---------------  P R O C E S S  ---------------

Java Threads: ( => current thread )
  0x00000000569d4800 JavaThread "Service Thread" daemon [_thread_blocked, id=8748, stack(0x0000000057750000,0x0000000057850000)]
  0x0000000056974800 JavaThread "C1 CompilerThread2" daemon [_thread_blocked, id=8600, stack(0x0000000057b50000,0x0000000057c50000)]
  0x0000000056953000 JavaThread "C2 CompilerThread1" daemon [_thread_blocked, id=8920, stack(0x0000000057a50000,0x0000000057b50000)]
  0x000000005694c800 JavaThread "C2 CompilerThread0" daemon [_thread_blocked, id=8488, stack(0x0000000057860000,0x0000000057960000)]
  0x000000005693d800 JavaThread "JDWP Command Reader" daemon [_thread_in_native, id=7428, stack(0x0000000057370000,0x0000000057470000)]
  0x000000005693a000 JavaThread "JDWP Event Helper Thread" daemon [_thread_blocked, id=8880, stack(0x00000000575f0000,0x00000000576f0000)]
=>0x0000000056936800 JavaThread "JDWP Transport Listener: dt_socket" daemon [_thread_in_vm, id=5348, stack(0x0000000057470000,0x0000000057570000)]
  0x00000000553e6000 JavaThread "Attach Listener" daemon [_thread_blocked, id=6552, stack(0x0000000056830000,0x0000000056930000)]
  0x00000000553e4800 JavaThread "Signal Dispatcher" daemon [_thread_blocked, id=6492, stack(0x0000000056640000,0x0000000056740000)]
  0x0000000055382800 JavaThread "Finalizer" daemon [_thread_blocked, id=2384, stack(0x0000000056440000,0x0000000056540000)]
  0x0000000055379800 JavaThread "Reference Handler" daemon [_thread_blocked, id=5740, stack(0x00000000562e0000,0x00000000563e0000)]
  0x000000000241f000 JavaThread "main" [_thread_blocked, id=8572, stack(0x00000000026e0000,0x00000000027e0000)]

Other Threads:
  0x0000000055376000 VMThread [stack: 0x0000000056160000,0x0000000056260000] [id=8660]
  0x00000000569d9000 WatcherThread [stack: 0x0000000057de0000,0x0000000057ee0000] [id=9120]

VM state:not at safepoint (normal execution)

VM Mutex/Monitor currently owned by a thread: None

Heap:
 PSYoungGen      total 18432K, used 3182K [0x00000000eb700000, 0x00000000ecb80000, 0x0000000100000000)
  eden space 15872K, 20% used [0x00000000eb700000,0x00000000eba1baf0,0x00000000ec680000)
  from space 2560K, 0% used [0x00000000ec900000,0x00000000ec900000,0x00000000ecb80000)
  to   space 2560K, 0% used [0x00000000ec680000,0x00000000ec680000,0x00000000ec900000)
 ParOldGen       total 42496K, used 0K [0x00000000c2400000, 0x00000000c4d80000, 0x00000000eb700000)
  object space 42496K, 0% used [0x00000000c2400000,0x00000000c2400000,0x00000000c4d80000)
 Metaspace       used 3475K, capacity 5336K, committed 5632K, reserved 1056768K
  class space    used 337K, capacity 456K, committed 512K, reserved 1048576K

Card table byte_map: [0x0000000011e70000,0x0000000012060000] byte_map_base: 0x000000001185e000

Marking Bits: (ParMarkBitMap*) 0x000000005aefb460
 Begin Bits: [0x0000000012920000, 0x0000000013890000)
 End Bits:   [0x0000000013890000, 0x0000000014800000)

Polling page: 0x0000000000120000

CodeCache: size=245760Kb used=1379Kb max_used=1397Kb free=244380Kb
 bounds [0x0000000002ab0000, 0x0000000002d20000, 0x0000000011ab0000]
 total_blobs=337 nmethods=111 adapters=148
 compilation: enabled

Compilation events (10 events):
Event: 0.200 Thread 0x0000000056974800  108       3       housingRegressionTree$3::compare (13 bytes)
Event: 0.201 Thread 0x0000000056974800 nmethod 108 0x0000000002c00a10 code [0x0000000002c00ba0, 0x0000000002c00fc8]
Event: 0.201 Thread 0x0000000056974800  110       3       java.lang.Double::compare (54 bytes)
Event: 0.201 Thread 0x0000000056974800 nmethod 110 0x0000000002c06d50 code [0x0000000002c06ee0, 0x0000000002c073f0]
Event: 0.201 Thread 0x0000000056974800  109       3       housingRegressionTree$3::compare (16 bytes)
Event: 0.201 Thread 0x0000000056974800 nmethod 109 0x0000000002c06850 code [0x0000000002c069c0, 0x0000000002c06ba8]
Event: 0.201 Thread 0x0000000056974800  111       3       java.lang.String::startsWith (7 bytes)
Event: 0.202 Thread 0x0000000056974800 nmethod 111 0x0000000002c00550 code [0x0000000002c006c0, 0x0000000002c008e8]
Event: 0.204 Thread 0x0000000056953000 nmethod 101 0x0000000002c04a10 code [0x0000000002c04b80, 0x0000000002c05038]
Event: 0.234 Thread 0x000000005694c800 nmethod 88 0x0000000002c0c290 code [0x0000000002c0c4e0, 0x0000000002c0ded0]

GC Heap History (0 events):
No events

Deoptimization events (0 events):
No events

Internal exceptions (7 events):
Event: 0.036 Thread 0x000000000241f000 Exception <a 'java/lang/NoSuchMethodError': Method sun.misc.Unsafe.defineClass(Ljava/lang/String;[BII)Ljava/lang/Class; name or signature does not match> (0x00000000eb70c3f0) thrown at [D:\re\workspace\8-2-build-windows-amd64-cygwin\jdk8u20\1074\hotspot\srDêùÎÔX¢?
Event: 0.036 Thread 0x000000000241f000 Exception <a 'java/lang/NoSuchMethodError': Method sun.misc.Unsafe.prefetchRead(Ljava/lang/Object;J)V name or signature does not match> (0x00000000eb70c680) thrown at [D:\re\workspace\8-2-build-windows-amd64-cygwin\jdk8u20\1074\hotspot\src\share\vm\prims\jØäŒ±;ø?
Event: 0.122 Thread 0x000000000241f000 Exception <a 'java/security/PrivilegedActionException'> (0x00000000eb7fd4d8) thrown at [D:\re\workspace\8-2-build-windows-amd64-cygwin\jdk8u20\1074\hotspot\src\share\vm\prims\jvm.cpp, line 1275]
Event: 0.135 Thread 0x000000000241f000 Exception <a 'java/security/PrivilegedActionException'> (0x00000000eb8061f0) thrown at [D:\re\workspace\8-2-build-windows-amd64-cygwin\jdk8u20\1074\hotspot\src\share\vm\prims\jvm.cpp, line 1275]
Event: 0.193 Thread 0x000000000241f000 Exception <a 'java/security/PrivilegedActionException'> (0x00000000eba0e1c8) thrown at [D:\re\workspace\8-2-build-windows-amd64-cygwin\jdk8u20\1074\hotspot\src\share\vm\prims\jvm.cpp, line 1275]
Event: 0.196 Thread 0x000000000241f000 Exception <a 'java/security/PrivilegedActionException'> (0x00000000eba115a0) thrown at [D:\re\workspace\8-2-build-windows-amd64-cygwin\jdk8u20\1074\hotspot\src\share\vm\prims\jvm.cpp, line 1275]
Event: 0.201 Thread 0x000000000241f000 Exception <a 'java/security/PrivilegedActionException'> (0x00000000eba13ba0) thrown at [D:\re\workspace\8-2-build-windows-amd64-cygwin\jdk8u20\1074\hotspot\src\share\vm\prims\jvm.cpp, line 1275]

Events (10 events):
Event: 20249.381 Executing VM operation: GetCurrentLocation
Event: 20249.381 Executing VM operation: GetCurrentLocation done
Event: 20249.381 Executing VM operation: EnterInterpOnlyMode
Event: 20249.381 Executing VM operation: EnterInterpOnlyMode done
Event: 20249.381 Executing VM operation: ChangeSingleStep
Event: 20249.381 Executing VM operation: ChangeSingleStep done
Event: 20249.381 Executing VM operation: ChangeSingleStep
Event: 20249.381 Executing VM operation: ChangeSingleStep done
Event: 20249.385 Executing VM operation: RedefineClasses
Event: 20249.386 Executing VM operation: RedefineClasses done


Dynamic libraries:
0x000000013ff40000 - 0x000000013ff74000 	C:\Program Files\Java\jre1.8.0_20\bin\javaw.exe
0x0000000077480000 - 0x0000000077629000 	C:\Windows\SYSTEM32\ntdll.dll
0x0000000077260000 - 0x000000007737f000 	C:\Windows\system32\kernel32.dll
0x000007fefd3f0000 - 0x000007fefd45c000 	C:\Windows\system32\KERNELBASE.dll
0x000007fefdcc0000 - 0x000007fefdd9b000 	C:\Windows\system32\ADVAPI32.dll
0x000007fefd780000 - 0x000007fefd81f000 	C:\Windows\system32\msvcrt.dll
0x000007fefe050000 - 0x000007fefe06f000 	C:\Windows\SYSTEM32\sechost.dll
0x000007fefd650000 - 0x000007fefd77d000 	C:\Windows\system32\RPCRT4.dll
0x0000000077380000 - 0x000000007747a000 	C:\Windows\system32\USER32.dll
0x000007feff460000 - 0x000007feff4c7000 	C:\Windows\system32\GDI32.dll
0x000007fefe2e0000 - 0x000007fefe2ee000 	C:\Windows\system32\LPK.dll
0x000007fefda30000 - 0x000007fefdaf9000 	C:\Windows\system32\USP10.dll
0x000007fefbc70000 - 0x000007fefbe64000 	C:\Windows\WinSxS\amd64_microsoft.windows.common-controls_6595b64144ccf1df_6.0.7601.17514_none_fa396087175ac9ac\COMCTL32.dll
0x000007fefdba0000 - 0x000007fefdc11000 	C:\Windows\system32\SHLWAPI.dll
0x000007fefe230000 - 0x000007fefe25e000 	C:\Windows\system32\IMM32.DLL
0x000007feff170000 - 0x000007feff279000 	C:\Windows\system32\MSCTF.dll
0x0000000061ca0000 - 0x0000000061d72000 	C:\Program Files\Java\jre1.8.0_20\bin\msvcr100.dll
0x000000005a720000 - 0x000000005af78000 	C:\Program Files\Java\jre1.8.0_20\bin\server\jvm.dll
0x000007fef9260000 - 0x000007fef9269000 	C:\Windows\system32\WSOCK32.dll
0x000007fefe1e0000 - 0x000007fefe22d000 	C:\Windows\system32\WS2_32.dll
0x000007fefe2f0000 - 0x000007fefe2f8000 	C:\Windows\system32\NSI.dll
0x000007fefafe0000 - 0x000007fefb01b000 	C:\Windows\system32\WINMM.dll
0x0000000077650000 - 0x0000000077657000 	C:\Windows\system32\PSAPI.DLL
0x000000005a670000 - 0x000000005a67f000 	C:\Program Files\Java\jre1.8.0_20\bin\verify.dll
0x000000005a640000 - 0x000000005a668000 	C:\Program Files\Java\jre1.8.0_20\bin\java.dll
0x0000000066b30000 - 0x0000000066b65000 	C:\Program Files\Java\jre1.8.0_20\bin\jdwp.dll
0x0000000074cc0000 - 0x0000000074cc8000 	C:\Program Files\Java\jre1.8.0_20\bin\npt.dll
0x000000005a0b0000 - 0x000000005a0c6000 	C:\Program Files\Java\jre1.8.0_20\bin\zip.dll
0x000007fefe3e0000 - 0x000007feff168000 	C:\Windows\system32\SHELL32.dll
0x000007fefd820000 - 0x000007fefda23000 	C:\Windows\system32\ole32.dll
0x000007fefd2a0000 - 0x000007fefd2af000 	C:\Windows\system32\profapi.dll
0x000000006f820000 - 0x000000006f829000 	C:\Program Files\Java\jre1.8.0_20\bin\dt_socket.dll
0x000007fefad30000 - 0x000007fefad45000 	C:\Windows\system32\NLAapi.dll
0x000007fefb130000 - 0x000007fefb145000 	C:\Windows\system32\napinsp.dll
0x000007fefb020000 - 0x000007fefb039000 	C:\Windows\system32\pnrpnsp.dll
0x000007fefca70000 - 0x000007fefcac5000 	C:\Windows\System32\mswsock.dll
0x000007fefc8f0000 - 0x000007fefc94b000 	C:\Windows\system32\DNSAPI.dll
0x000007fefbe70000 - 0x000007fefbe7b000 	C:\Windows\System32\winrnr.dll
0x000007fef8d50000 - 0x000007fef8d7f000 	C:\Program Files\Common Files\Microsoft Shared\Windows Live\WLIDNSP.DLL
0x000000006f850000 - 0x000000006f876000 	C:\Program Files\Bonjour\mdnsNSP.dll
0x000007fefa760000 - 0x000007fefa787000 	C:\Windows\system32\Iphlpapi.DLL
0x000007fefa750000 - 0x000007fefa75b000 	C:\Windows\system32\WINNSI.DLL
0x000007fefa580000 - 0x000007fefa5d3000 	C:\Windows\System32\fwpuclnt.dll
0x000007fef8d40000 - 0x000007fef8d48000 	C:\Windows\system32\rasadhlp.dll
0x000007fefc400000 - 0x000007fefc407000 	C:\Windows\System32\wshtcpip.dll
0x000007fef95e0000 - 0x000007fef9705000 	C:\Windows\system32\dbghelp.dll

VM Arguments:
jvm_args: -agentlib:jdwp=transport=dt_socket,suspend=y,address=localhost:57459 -Dfile.encoding=Cp1252 
java_command: housingRegressionTree
java_class_path (initial): C:\Users\Moses\workspace\Machine Learning HW1\bin;C:\Users\Moses\Downloads\Jama-1.0.3.jar
Launcher Type: SUN_STANDARD

Environment Variables:
PATH=C:/Program Files/Java/jre1.8.0_20/bin/server;C:/Program Files/Java/jre1.8.0_20/bin;C:/Program Files/Java/jre1.8.0_20/lib/amd64;C:\ProgramData\Oracle\Java\javapath;c:\Rtools\bin;c:\Rtools\gcc-4.6.3\bin;C:\Program Files\Common Files\Microsoft Shared\Windows Live;C:\Program Files (x86)\Common Files\Microsoft Shared\Windows Live;C:\Windows\system32;C:\Windows;C:\Windows\System32\Wbem;C:\Windows\System32\WindowsPowerShell\v1.0\;C:\Program Files (x86)\Windows Live\Shared;C:\Program Files\VanDyke Software\Clients\;c:\Program Files (x86)\Microsoft SQL Server\100\Tools\Binn\;c:\Program Files\Microsoft SQL Server\100\Tools\Binn\;c:\Program Files\Microsoft SQL Server\100\DTS\Binn\;C:\Program Files (x86)\CambridgeSoft\ChemOffice2012\ChemScript\Lib;C:\Program Files\MATLAB\R2014a\runtime\win64;C:\Program Files\MATLAB\R2014a\bin;C:\Users\Moses\Development\eclipse;
USERNAME=Moses
OS=Windows_NT
PROCESSOR_IDENTIFIER=Intel64 Family 6 Model 42 Stepping 7, GenuineIntel



---------------  S Y S T E M  ---------------

OS: Windows 7 , 64 bit Build 7601 Service Pack 1

CPU:total 4 (2 cores per cpu, 2 threads per core) family 6 model 42 stepping 7, cmov, cx8, fxsr, mmx, sse, sse2, sse3, ssse3, sse4.1, sse4.2, popcnt, avx, aes, clmul, ht, tsc, tscinvbit

Memory: 4k page, physical 4042608k(1333072k free), swap 8083352k(4208968k free)

vm_info: Java HotSpot(TM) 64-Bit Server VM (25.20-b23) for windows-amd64 JRE (1.8.0_20-b26), built on Jul 30 2014 13:51:23 by "java_re" with MS VC++ 10.0 (VS2010)

time: Fri Sep 19 11:37:03 2014
elapsed time: 20249 seconds (0d 5h 37m 29s)

